<?xml version="1.0" encoding="UTF-8"?>
<testsuites name="jest tests" tests="4" failures="0" time="0.571">
  <testsuite name="Funkcja compare" errors="0" failures="0" skipped="0" timestamp="2021-04-14T16:05:36" time="0.55" tests="4">
    <testcase classname="Funkcja compare powinna zwracać liczbę" name="Funkcja compare powinna zwracać liczbę" time="0.001">
    </testcase>
    <testcase classname="Funkcja compare powinna zwracać 1 gdy pierwszy argument jest większy niż drugi" name="Funkcja compare powinna zwracać 1 gdy pierwszy argument jest większy niż drugi" time="0.001">
    </testcase>
    <testcase classname="Funkcja compare powinna zwracać -1 gdy pierwszy argument jest mniejszy niż drugi" name="Funkcja compare powinna zwracać -1 gdy pierwszy argument jest mniejszy niż drugi" time="0">
    </testcase>
    <testcase classname="Funkcja compare powinna zwracać 0 gdy argumenty są równe" name="Funkcja compare powinna zwracać 0 gdy argumenty są równe" time="0.001">
    </testcase>
  </testsuite>
</testsuites>